# JRE version: Java(TM) SE Runtime Environment (8.0_191-b12) (build 1.8.0_191-b12)
# Java VM: Java HotSpot(TM) 64-Bit Server VM (25.191-b12 mixed mode windows-amd64 compressed oops)
Heap:
 PSYoungGen      total 141312K, used 6784K [0x00000000f5580000, 0x0000000100000000, 0x0000000100000000)
  eden space 109568K, 0% used [0x00000000f5580000,0x00000000f5580000,0x00000000fc080000)
  from space 31744K, 21% used [0x00000000fdf80000,0x00000000fe620040,0x00000000ffe80000)
  to   space 31744K, 0% used [0x00000000fc080000,0x00000000fc080000,0x00000000fdf80000)
 ParOldGen       total 186368K, used 175741K [0x00000000e0000000, 0x00000000eb600000, 0x00000000f5580000)
  object space 186368K, 94% used [0x00000000e0000000,0x00000000eab9f630,0x00000000eb600000)
 Metaspace       used 77313K, capacity 83734K, committed 83800K, reserved 1122304K
  class space    used 10375K, capacity 11600K, committed 11648K, reserved 1048576K
GC Heap History (10 events):
Event: 17133.718 GC heap after
Heap after GC invocations=27 (full 3):
 PSYoungGen      total 141312K, used 10164K [0x00000000f5580000, 0x00000000ffe80000, 0x0000000100000000)
  eden space 110592K, 0% used [0x00000000f5580000,0x00000000f5580000,0x00000000fc180000)
  from space 30720K, 33% used [0x00000000fe080000,0x00000000fea6d298,0x00000000ffe80000)
  to   space 31232K, 0% used [0x00000000fc180000,0x00000000fc180000,0x00000000fe000000)
 ParOldGen       total 186368K, used 134204K [0x00000000e0000000, 0x00000000eb600000, 0x00000000f5580000)
  object space 186368K, 72% used [0x00000000e0000000,0x00000000e830f128,0x00000000eb600000)
 Metaspace       used 76954K, capacity 83246K, committed 83544K, reserved 1122304K
  class space    used 10359K, capacity 11574K, committed 11648K, reserved 1048576K
}
Event: 17134.387 GC heap before
{Heap before GC invocations=28 (full 3):
 PSYoungGen      total 141312K, used 120756K [0x00000000f5580000, 0x00000000ffe80000, 0x0000000100000000)
  eden space 110592K, 100% used [0x00000000f5580000,0x00000000fc180000,0x00000000fc180000)
  from space 30720K, 33% used [0x00000000fe080000,0x00000000fea6d298,0x00000000ffe80000)
  to   space 31232K, 0% used [0x00000000fc180000,0x00000000fc180000,0x00000000fe000000)
 ParOldGen       total 186368K, used 134204K [0x00000000e0000000, 0x00000000eb600000, 0x00000000f5580000)
  object space 186368K, 72% used [0x00000000e0000000,0x00000000e830f128,0x00000000eb600000)
 Metaspace       used 77026K, capacity 83310K, committed 83544K, reserved 1122304K
  class space    used 10359K, capacity 11574K, committed 11648K, reserved 1048576K
Event: 17134.404 GC heap after
Heap after GC invocations=28 (full 3):
 PSYoungGen      total 135168K, used 24260K [0x00000000f5580000, 0x0000000100000000, 0x0000000100000000)
  eden space 110592K, 0% used [0x00000000f5580000,0x00000000f5580000,0x00000000fc180000)
  from space 24576K, 98% used [0x00000000fc180000,0x00000000fd9311e0,0x00000000fd980000)
  to   space 33280K, 0% used [0x00000000fdf80000,0x00000000fdf80000,0x0000000100000000)
 ParOldGen       total 186368K, used 134212K [0x00000000e0000000, 0x00000000eb600000, 0x00000000f5580000)
  object space 186368K, 72% used [0x00000000e0000000,0x00000000e8311128,0x00000000eb600000)
 Metaspace       used 77026K, capacity 83310K, committed 83544K, reserved 1122304K
  class space    used 10359K, capacity 11574K, committed 11648K, reserved 1048576K
}
Event: 17135.438 GC heap before
{Heap before GC invocations=29 (full 3):
 PSYoungGen      total 135168K, used 134852K [0x00000000f5580000, 0x0000000100000000, 0x0000000100000000)
  eden space 110592K, 100% used [0x00000000f5580000,0x00000000fc180000,0x00000000fc180000)
  from space 24576K, 98% used [0x00000000fc180000,0x00000000fd9311e0,0x00000000fd980000)
  to   space 33280K, 0% used [0x00000000fdf80000,0x00000000fdf80000,0x0000000100000000)
 ParOldGen       total 186368K, used 134212K [0x00000000e0000000, 0x00000000eb600000, 0x00000000f5580000)
  object space 186368K, 72% used [0x00000000e0000000,0x00000000e8311128,0x00000000eb600000)
 Metaspace       used 77040K, capacity 83310K, committed 83544K, reserved 1122304K
  class space    used 10359K, capacity 11574K, committed 11648K, reserved 1048576K
Event: 17135.460 GC heap after
Heap after GC invocations=29 (full 3):
 PSYoungGen      total 142848K, used 16544K [0x00000000f5580000, 0x0000000100000000, 0x0000000100000000)
  eden space 109568K, 0% used [0x00000000f5580000,0x00000000f5580000,0x00000000fc080000)
  from space 33280K, 49% used [0x00000000fdf80000,0x00000000fefa8020,0x0000000100000000)
  to   space 31744K, 0% used [0x00000000fc080000,0x00000000fc080000,0x00000000fdf80000)
 ParOldGen       total 186368K, used 143671K [0x00000000e0000000, 0x00000000eb600000, 0x00000000f5580000)
  object space 186368K, 77% used [0x00000000e0000000,0x00000000e8c4dff8,0x00000000eb600000)
 Metaspace       used 77040K, capacity 83310K, committed 83544K, reserved 1122304K
  class space    used 10359K, capacity 11574K, committed 11648K, reserved 1048576K
}
Event: 17290.979 GC heap before
{Heap before GC invocations=30 (full 3):
 PSYoungGen      total 142848K, used 126112K [0x00000000f5580000, 0x0000000100000000, 0x0000000100000000)
  eden space 109568K, 100% used [0x00000000f5580000,0x00000000fc080000,0x00000000fc080000)
  from space 33280K, 49% used [0x00000000fdf80000,0x00000000fefa8020,0x0000000100000000)
  to   space 31744K, 0% used [0x00000000fc080000,0x00000000fc080000,0x00000000fdf80000)
 ParOldGen       total 186368K, used 143671K [0x00000000e0000000, 0x00000000eb600000, 0x00000000f5580000)
  object space 186368K, 77% used [0x00000000e0000000,0x00000000e8c4dff8,0x00000000eb600000)
 Metaspace       used 77274K, capacity 83704K, committed 83800K, reserved 1122304K
  class space    used 10371K, capacity 11595K, committed 11648K, reserved 1048576K
Event: 17291.005 GC heap after
Heap after GC invocations=30 (full 3):
 PSYoungGen      total 141312K, used 19726K [0x00000000f5580000, 0x00000000ffe80000, 0x0000000100000000)
  eden space 109568K, 0% used [0x00000000f5580000,0x00000000f5580000,0x00000000fc080000)
  from space 31744K, 62% used [0x00000000fc080000,0x00000000fd3c3810,0x00000000fdf80000)
  to   space 31744K, 0% used [0x00000000fdf80000,0x00000000fdf80000,0x00000000ffe80000)
 ParOldGen       total 186368K, used 157767K [0x00000000e0000000, 0x00000000eb600000, 0x00000000f5580000)
  object space 186368K, 84% used [0x00000000e0000000,0x00000000e9a11d90,0x00000000eb600000)
 Metaspace       used 77274K, capacity 83704K, committed 83800K, reserved 1122304K
  class space    used 10371K, capacity 11595K, committed 11648K, reserved 1048576K
}
Event: 17291.889 GC heap before
{Heap before GC invocations=31 (full 3):
 PSYoungGen      total 141312K, used 129294K [0x00000000f5580000, 0x00000000ffe80000, 0x0000000100000000)
  eden space 109568K, 100% used [0x00000000f5580000,0x00000000fc080000,0x00000000fc080000)
  from space 31744K, 62% used [0x00000000fc080000,0x00000000fd3c3810,0x00000000fdf80000)
  to   space 31744K, 0% used [0x00000000fdf80000,0x00000000fdf80000,0x00000000ffe80000)
 ParOldGen       total 186368K, used 157767K [0x00000000e0000000, 0x00000000eb600000, 0x00000000f5580000)
  object space 186368K, 84% used [0x00000000e0000000,0x00000000e9a11d90,0x00000000eb600000)
 Metaspace       used 77313K, capacity 83734K, committed 83800K, reserved 1122304K
  class space    used 10375K, capacity 11600K, committed 11648K, reserved 1048576K
Event: 17291.905 GC heap after
Heap after GC invocations=31 (full 3):
 PSYoungGen      total 141312K, used 6784K [0x00000000f5580000, 0x0000000100000000, 0x0000000100000000)
  eden space 109568K, 0% used [0x00000000f5580000,0x00000000f5580000,0x00000000fc080000)
  from space 31744K, 21% used [0x00000000fdf80000,0x00000000fe620040,0x00000000ffe80000)
  to   space 31744K, 0% used [0x00000000fc080000,0x00000000fc080000,0x00000000fdf80000)
 ParOldGen       total 186368K, used 175741K [0x00000000e0000000, 0x00000000eb600000, 0x00000000f5580000)
  object space 186368K, 94% used [0x00000000e0000000,0x00000000eab9f630,0x00000000eb600000)
 Metaspace       used 77313K, capacity 83734K, committed 83800K, reserved 1122304K
  class space    used 10375K, capacity 11600K, committed 11648K, reserved 1048576K
}
Event: 17291.905 GC heap before
{Heap before GC invocations=32 (full 4):
 PSYoungGen      total 141312K, used 6784K [0x00000000f5580000, 0x0000000100000000, 0x0000000100000000)
  eden space 109568K, 0% used [0x00000000f5580000,0x00000000f5580000,0x00000000fc080000)
  from space 31744K, 21% used [0x00000000fdf80000,0x00000000fe620040,0x00000000ffe80000)
  to   space 31744K, 0% used [0x00000000fc080000,0x00000000fc080000,0x00000000fdf80000)
 ParOldGen       total 186368K, used 175741K [0x00000000e0000000, 0x00000000eb600000, 0x00000000f5580000)
  object space 186368K, 94% used [0x00000000e0000000,0x00000000eab9f630,0x00000000eb600000)
 Metaspace       used 77313K, capacity 83734K, committed 83800K, reserved 1122304K
  class space    used 10375K, capacity 11600K, committed 11648K, reserved 1048576K

